<?xml version="1.0" encoding="UTF-8"?>
<!-- Generated by org.testng.reporters.JUnitReportReporter -->
<testsuite hostname="LAPTOP-BMK2N8MV" failures="0" tests="2" name="ContactsTestUsingBaseClass.CreateContactBaseClassTest" time="23.263" errors="0" timestamp="2023-11-01T10:31:19 IST" skipped="0">
  <testcase classname="ContactsTestUsingBaseClass.CreateContactBaseClassTest" name="demo" time="6.029"/>
  <testcase classname="ContactsTestUsingBaseClass.CreateContactBaseClassTest" name="createconntact" time="17.234">
    <system-out>
      <![CDATA[clicked on contacts link
create contact look up img
Header captured
Hedder Captured
Hedder valiated]]>
    </system-out>
  </testcase> <!-- createconntact -->
  <system-out>
    <![CDATA[clicked on contacts link
create contact look up img
Header captured
Hedder Captured
Hedder valiated]]>
  </system-out>
</testsuite> <!-- ContactsTestUsingBaseClass.CreateContactBaseClassTest -->
